Error: Connection lost: The server closed the connection.
    at Protocol.end (/home/ecorniell/Oneauth/node_modules/mysql/lib/protocol/Protocol.js:112:13)
    at Socket.<anonymous> (/home/ecorniell/Oneauth/node_modules/mysql/lib/Connection.js:97:28)
    at Socket.<anonymous> (/home/ecorniell/Oneauth/node_modules/mysql/lib/Connection.js:525:10)
    at emitNone (events.js:111:20)
    at Socket.emit (events.js:208:7)
    at endReadableNT (_stream_readable.js:1064:12)
    at _combinedTickCallback (internal/process/next_tick.js:139:11)
    at process._tickCallback (internal/process/next_tick.js:181:9) fatal: true, code: 'PROTOCOL_CONNECTION_LOST' }
TypeError: Expected string but received Object.
    at assertString (/home/ecorniell/Oneauth/node_modules/validator/lib/util/assertString.js:28:11)
    at Object.isEmpty (/home/ecorniell/Oneauth/node_modules/validator/lib/isEmpty.js:19:29)
    at validateRegisterInput (/home/ecorniell/Oneauth/src/public/validation/login.js:9:17)
    at router.post (/home/ecorniell/Oneauth/src/app/routes/validation.routes.js:108:31)
    at Layer.handle [as handle_request] (/home/ecorniell/Oneauth/node_modules/express/lib/router/layer.js:95:5)
    at next (/home/ecorniell/Oneauth/node_modules/express/lib/router/route.js:137:13)
    at Route.dispatch (/home/ecorniell/Oneauth/node_modules/express/lib/router/route.js:112:3)
    at Layer.handle [as handle_request] (/home/ecorniell/Oneauth/node_modules/express/lib/router/layer.js:95:5)
    at /home/ecorniell/Oneauth/node_modules/express/lib/router/index.js:281:22
    at Function.process_params (/home/ecorniell/Oneauth/node_modules/express/lib/router/index.js:335:12)
TypeError: Expected string but received Object.
    at assertString (/home/ecorniell/Oneauth/node_modules/validator/lib/util/assertString.js:28:11)
    at Object.isEmpty (/home/ecorniell/Oneauth/node_modules/validator/lib/isEmpty.js:19:29)
    at validateRegisterInput (/home/ecorniell/Oneauth/src/public/validation/login.js:9:17)
    at router.post (/home/ecorniell/Oneauth/src/app/routes/validation.routes.js:108:31)
    at Layer.handle [as handle_request] (/home/ecorniell/Oneauth/node_modules/express/lib/router/layer.js:95:5)
    at next (/home/ecorniell/Oneauth/node_modules/express/lib/router/route.js:137:13)
    at Route.dispatch (/home/ecorniell/Oneauth/node_modules/express/lib/router/route.js:112:3)
    at Layer.handle [as handle_request] (/home/ecorniell/Oneauth/node_modules/express/lib/router/layer.js:95:5)
    at /home/ecorniell/Oneauth/node_modules/express/lib/router/index.js:281:22
    at Function.process_params (/home/ecorniell/Oneauth/node_modules/express/lib/router/index.js:335:12)
TypeError: Expected string but received Object.
    at assertString (/home/ecorniell/Oneauth/node_modules/validator/lib/util/assertString.js:28:11)
    at Object.isEmpty (/home/ecorniell/Oneauth/node_modules/validator/lib/isEmpty.js:19:29)
    at validateRegisterInput (/home/ecorniell/Oneauth/src/public/validation/login.js:9:17)
    at router.post (/home/ecorniell/Oneauth/src/app/routes/validation.routes.js:108:31)
    at Layer.handle [as handle_request] (/home/ecorniell/Oneauth/node_modules/express/lib/router/layer.js:95:5)
    at next (/home/ecorniell/Oneauth/node_modules/express/lib/router/route.js:137:13)
    at Route.dispatch (/home/ecorniell/Oneauth/node_modules/express/lib/router/route.js:112:3)
    at Layer.handle [as handle_request] (/home/ecorniell/Oneauth/node_modules/express/lib/router/layer.js:95:5)
    at /home/ecorniell/Oneauth/node_modules/express/lib/router/index.js:281:22
    at Function.process_params (/home/ecorniell/Oneauth/node_modules/express/lib/router/index.js:335:12)
TypeError: Expected string but received Object.
    at assertString (/home/ecorniell/Oneauth/node_modules/validator/lib/util/assertString.js:28:11)
    at Object.isEmpty (/home/ecorniell/Oneauth/node_modules/validator/lib/isEmpty.js:19:29)
    at validateRegisterInput (/home/ecorniell/Oneauth/src/public/validation/login.js:9:17)
    at router.post (/home/ecorniell/Oneauth/src/app/routes/validation.routes.js:108:31)
    at Layer.handle [as handle_request] (/home/ecorniell/Oneauth/node_modules/express/lib/router/layer.js:95:5)
    at next (/home/ecorniell/Oneauth/node_modules/express/lib/router/route.js:137:13)
    at Route.dispatch (/home/ecorniell/Oneauth/node_modules/express/lib/router/route.js:112:3)
    at Layer.handle [as handle_request] (/home/ecorniell/Oneauth/node_modules/express/lib/router/layer.js:95:5)
    at /home/ecorniell/Oneauth/node_modules/express/lib/router/index.js:281:22
    at Function.process_params (/home/ecorniell/Oneauth/node_modules/express/lib/router/index.js:335:12)
{ Error: Connection lost: The server closed the connection.
    at Protocol.end (/home/ecorniell/Oneauth/node_modules/mysql/lib/protocol/Protocol.js:112:13)
    at Socket.<anonymous> (/home/ecorniell/Oneauth/node_modules/mysql/lib/Connection.js:97:28)
    at Socket.<anonymous> (/home/ecorniell/Oneauth/node_modules/mysql/lib/Connection.js:525:10)
    at emitNone (events.js:111:20)
    at Socket.emit (events.js:208:7)
    at endReadableNT (_stream_readable.js:1064:12)
    at _combinedTickCallback (internal/process/next_tick.js:139:11)
    at process._tickCallback (internal/process/next_tick.js:181:9) fatal: true, code: 'PROTOCOL_CONNECTION_LOST' }
